<?xml version="1.0" encoding="UTF-8"?>
<!-- Generated by org.testng.reporters.JUnitReportReporter -->
<testsuite skipped="0" hostname="DESKTOP-O1LMJVL" name="com.eVisa.qa.testcases.LoginPageTest" tests="3" failures="0" timestamp="2021-01-11T14:29:32 GST" time="54.652" errors="0">
  <testcase name="loginPageTitleTest" time="18.015" classname="com.eVisa.qa.testcases.LoginPageTest"/>
  <system-out/>
  <testcase name="loginPageLogoTest" time="17.940" classname="com.eVisa.qa.testcases.LoginPageTest"/>
  <system-out/>
  <testcase name="loginTest" time="18.697" classname="com.eVisa.qa.testcases.LoginPageTest"/>
  <system-out/>
</testsuite> <!-- com.eVisa.qa.testcases.LoginPageTest -->
